<?xml version="1.0" encoding="UTF-8"?>
<testsuite name="palari" tests="17" failures="0" skipped="0">
    <testcase classname="palari" name="scope-check"/>
    <testcase classname="palari" name="lint POS-0043"/>
    <testcase classname="palari" name="stored evidence POS-0043"/>
    <testcase classname="palari" name="lint POS-0044"/>
    <testcase classname="palari" name="stored evidence POS-0044"/>
    <testcase classname="palari" name="lint POS-0045"/>
    <testcase classname="palari" name="stored evidence POS-0045"/>
    <testcase classname="palari" name="lint POS-0046"/>
    <testcase classname="palari" name="stored evidence POS-0046"/>
    <testcase classname="palari" name="lint POS-0047"/>
    <testcase classname="palari" name="stored evidence POS-0047"/>
    <testcase classname="palari" name="lint POS-0048"/>
    <testcase classname="palari" name="stored evidence POS-0048"/>
    <testcase classname="palari" name="lint POS-0049"/>
    <testcase classname="palari" name="stored evidence POS-0049"/>
    <testcase classname="palari" name="lint POS-0050"/>
    <testcase classname="palari" name="stored evidence POS-0050"/>
</testsuite>
